<?xml version="1.0" encoding="UTF-8"?>
<!-- Generated by org.testng.reporters.JUnitReportReporter -->
<testsuite hostname="ATMECSINDT-088" failures="0" tests="1" name="com.atmecs.practo.testscript.BookingDoctorAppointment" time="52.908" errors="0" timestamp="18 Sep 2019 14:17:10 GMT" skipped="0">
  <testcase classname="com.atmecs.practo.testscript.BookingDoctorAppointment" name="findAndBooking" time="52.908"/>
</testsuite> <!-- com.atmecs.practo.testscript.BookingDoctorAppointment -->
