<?xml version="1.0" encoding="UTF-8"?>
<!-- Generated by org.testng.reporters.JUnitReportReporter -->
<testsuite hostname="ATMECSINDT-088" failures="0" tests="1" name="com.atmecs.practo.testscript.BookingDoctorAppointment" time="33.876" errors="0" timestamp="13 Sep 2019 15:12:23 GMT" skipped="0">
  <testcase classname="com.atmecs.practo.testscript.BookingDoctorAppointment" name="findAndBooking" time="33.876"/>
</testsuite> <!-- com.atmecs.practo.testscript.BookingDoctorAppointment -->
