<?xml version="1.0" encoding="UTF-8"?>
<!-- Generated by org.testng.reporters.JUnitReportReporter -->
<testsuite hostname="ATMECSINDT-088" failures="0" tests="1" name="com.atmecs.practo.report.ExtendReport" time="3.164" errors="0" timestamp="17 Sep 2019 06:16:58 GMT" skipped="0">
  <testcase classname="com.atmecs.practo.report.ExtendReport" name="verifyBookingAppointment" time="3.164"/>
</testsuite> <!-- com.atmecs.practo.report.ExtendReport -->
